<?xml version="1.0" encoding="UTF-8"?>
<!-- Generated by org.testng.reporters.JUnitReportReporter -->
<testsuite hostname="LAPTOP-LL1FFLUD" failures="0" tests="2" name="TestCase.loginTest" time="0.000" errors="0" timestamp="2023-02-23T01:11:20 IST" skipped="2">
  <testcase classname="TestCase.loginTest" name="loginWithoutCreds2" time="0.000">
    <skipped/>
  </testcase> <!-- loginWithoutCreds2 -->
  <system-out/>
  <testcase classname="TestCase.loginTest" name="loginWithoutCreds" time="0.000">
    <skipped/>
  </testcase> <!-- loginWithoutCreds -->
  <system-out/>
</testsuite> <!-- TestCase.loginTest -->
