<?xml version="1.0" encoding="UTF-8"?>
<!-- Generated by org.testng.reporters.JUnitReportReporter -->
<testsuite hostname="LAPTOP-LL1FFLUD" failures="0" tests="2" name="TestCase.loginTest" time="0.006" errors="0" timestamp="2023-02-23T01:59:44 IST" skipped="0">
  <testcase classname="TestCase.loginTest" name="loginWithoutCreds2" time="0.001"/>
  <system-out/>
  <testcase classname="TestCase.loginTest" name="loginWithoutCreds" time="0.005"/>
  <system-out/>
</testsuite> <!-- TestCase.loginTest -->
